2024-05-02T22:04:09+00:00 ERROR Error getting data feed
2024-05-02T22:04:09+00:00 ERROR WP_Error Object
(
    [errors] => Array
        (
            [http_request_failed] => Array
                (
                    [0] => cURL error 28: Resolving timed out after 5004 milliseconds
                )

        )

    [error_data] => Array
        (
        )

    [additional_data:protected] => Array
        (
        )

)

2024-05-02T22:04:22+00:00 ERROR Error getting data feed
2024-05-02T22:04:22+00:00 ERROR WP_Error Object
(
    [errors] => Array
        (
            [http_request_failed] => Array
                (
                    [0] => cURL error 28: Resolving timed out after 5001 milliseconds
                )

        )

    [error_data] => Array
        (
        )

    [additional_data:protected] => Array
        (
        )

)

